ARM GAS  C:\Users\flynn\AppData\Local\Temp\ccMyqAoF.s 			page 1


   1              		.cpu cortex-m0plus
   2              		.arch armv6s-m
   3              		.fpu softvfp
   4              		.eabi_attribute 20, 1
   5              		.eabi_attribute 21, 1
   6              		.eabi_attribute 23, 3
   7              		.eabi_attribute 24, 1
   8              		.eabi_attribute 25, 1
   9              		.eabi_attribute 26, 1
  10              		.eabi_attribute 30, 1
  11              		.eabi_attribute 34, 0
  12              		.eabi_attribute 18, 4
  13              		.file	"usart.c"
  14              		.text
  15              	.Ltext0:
  16              		.cfi_sections	.debug_frame
  17              		.section	.text.MX_USART2_UART_Init,"ax",%progbits
  18              		.align	1
  19              		.global	MX_USART2_UART_Init
  20              		.syntax unified
  21              		.code	16
  22              		.thumb_func
  24              	MX_USART2_UART_Init:
  25              	.LFB40:
  26              		.file 1 "Core/Src/usart.c"
   1:Core/Src/usart.c **** /* USER CODE BEGIN Header */
   2:Core/Src/usart.c **** /**
   3:Core/Src/usart.c ****   ******************************************************************************
   4:Core/Src/usart.c ****   * @file    usart.c
   5:Core/Src/usart.c ****   * @brief   This file provides code for the configuration
   6:Core/Src/usart.c ****   *          of the USART instances.
   7:Core/Src/usart.c ****   ******************************************************************************
   8:Core/Src/usart.c ****   * @attention
   9:Core/Src/usart.c ****   *
  10:Core/Src/usart.c ****   * Copyright (c) 2022 STMicroelectronics.
  11:Core/Src/usart.c ****   * All rights reserved.
  12:Core/Src/usart.c ****   *
  13:Core/Src/usart.c ****   * This software is licensed under terms that can be found in the LICENSE file
  14:Core/Src/usart.c ****   * in the root directory of this software component.
  15:Core/Src/usart.c ****   * If no LICENSE file comes with this software, it is provided AS-IS.
  16:Core/Src/usart.c ****   *
  17:Core/Src/usart.c ****   ******************************************************************************
  18:Core/Src/usart.c ****   */
  19:Core/Src/usart.c **** /* USER CODE END Header */
  20:Core/Src/usart.c **** /* Includes ------------------------------------------------------------------*/
  21:Core/Src/usart.c **** #include "usart.h"
  22:Core/Src/usart.c **** 
  23:Core/Src/usart.c **** /* USER CODE BEGIN 0 */
  24:Core/Src/usart.c **** 
  25:Core/Src/usart.c **** /* USER CODE END 0 */
  26:Core/Src/usart.c **** 
  27:Core/Src/usart.c **** UART_HandleTypeDef huart2;
  28:Core/Src/usart.c **** 
  29:Core/Src/usart.c **** /* USART2 init function */
  30:Core/Src/usart.c **** 
  31:Core/Src/usart.c **** void MX_USART2_UART_Init(void)
  32:Core/Src/usart.c **** {
ARM GAS  C:\Users\flynn\AppData\Local\Temp\ccMyqAoF.s 			page 2


  27              		.loc 1 32 1 view -0
  28              		.cfi_startproc
  29              		@ args = 0, pretend = 0, frame = 0
  30              		@ frame_needed = 0, uses_anonymous_args = 0
  31 0000 10B5     		push	{r4, lr}
  32              	.LCFI0:
  33              		.cfi_def_cfa_offset 8
  34              		.cfi_offset 4, -8
  35              		.cfi_offset 14, -4
  33:Core/Src/usart.c **** 
  34:Core/Src/usart.c ****   /* USER CODE BEGIN USART2_Init 0 */
  35:Core/Src/usart.c **** 
  36:Core/Src/usart.c ****   /* USER CODE END USART2_Init 0 */
  37:Core/Src/usart.c **** 
  38:Core/Src/usart.c ****   /* USER CODE BEGIN USART2_Init 1 */
  39:Core/Src/usart.c **** 
  40:Core/Src/usart.c ****   /* USER CODE END USART2_Init 1 */
  41:Core/Src/usart.c ****   huart2.Instance = USART2;
  36              		.loc 1 41 3 view .LVU1
  37              		.loc 1 41 19 is_stmt 0 view .LVU2
  38 0002 0C48     		ldr	r0, .L4
  39 0004 0C4B     		ldr	r3, .L4+4
  40 0006 0360     		str	r3, [r0]
  42:Core/Src/usart.c ****   huart2.Init.BaudRate = 115200;
  41              		.loc 1 42 3 is_stmt 1 view .LVU3
  42              		.loc 1 42 24 is_stmt 0 view .LVU4
  43 0008 E123     		movs	r3, #225
  44 000a 5B02     		lsls	r3, r3, #9
  45 000c 4360     		str	r3, [r0, #4]
  43:Core/Src/usart.c ****   huart2.Init.WordLength = UART_WORDLENGTH_8B;
  46              		.loc 1 43 3 is_stmt 1 view .LVU5
  47              		.loc 1 43 26 is_stmt 0 view .LVU6
  48 000e 0023     		movs	r3, #0
  49 0010 8360     		str	r3, [r0, #8]
  44:Core/Src/usart.c ****   huart2.Init.StopBits = UART_STOPBITS_1;
  50              		.loc 1 44 3 is_stmt 1 view .LVU7
  51              		.loc 1 44 24 is_stmt 0 view .LVU8
  52 0012 C360     		str	r3, [r0, #12]
  45:Core/Src/usart.c ****   huart2.Init.Parity = UART_PARITY_NONE;
  53              		.loc 1 45 3 is_stmt 1 view .LVU9
  54              		.loc 1 45 22 is_stmt 0 view .LVU10
  55 0014 0361     		str	r3, [r0, #16]
  46:Core/Src/usart.c ****   huart2.Init.Mode = UART_MODE_TX_RX;
  56              		.loc 1 46 3 is_stmt 1 view .LVU11
  57              		.loc 1 46 20 is_stmt 0 view .LVU12
  58 0016 0C22     		movs	r2, #12
  59 0018 4261     		str	r2, [r0, #20]
  47:Core/Src/usart.c ****   huart2.Init.HwFlowCtl = UART_HWCONTROL_NONE;
  60              		.loc 1 47 3 is_stmt 1 view .LVU13
  61              		.loc 1 47 25 is_stmt 0 view .LVU14
  62 001a 8361     		str	r3, [r0, #24]
  48:Core/Src/usart.c ****   huart2.Init.OverSampling = UART_OVERSAMPLING_16;
  63              		.loc 1 48 3 is_stmt 1 view .LVU15
  64              		.loc 1 48 28 is_stmt 0 view .LVU16
  65 001c C361     		str	r3, [r0, #28]
  49:Core/Src/usart.c ****   huart2.Init.OneBitSampling = UART_ONE_BIT_SAMPLE_DISABLE;
  66              		.loc 1 49 3 is_stmt 1 view .LVU17
ARM GAS  C:\Users\flynn\AppData\Local\Temp\ccMyqAoF.s 			page 3


  67              		.loc 1 49 30 is_stmt 0 view .LVU18
  68 001e 0362     		str	r3, [r0, #32]
  50:Core/Src/usart.c ****   huart2.AdvancedInit.AdvFeatureInit = UART_ADVFEATURE_NO_INIT;
  69              		.loc 1 50 3 is_stmt 1 view .LVU19
  70              		.loc 1 50 38 is_stmt 0 view .LVU20
  71 0020 4362     		str	r3, [r0, #36]
  51:Core/Src/usart.c ****   if (HAL_UART_Init(&huart2) != HAL_OK)
  72              		.loc 1 51 3 is_stmt 1 view .LVU21
  73              		.loc 1 51 7 is_stmt 0 view .LVU22
  74 0022 FFF7FEFF 		bl	HAL_UART_Init
  75              	.LVL0:
  76              		.loc 1 51 6 view .LVU23
  77 0026 0028     		cmp	r0, #0
  78 0028 00D1     		bne	.L3
  79              	.L1:
  52:Core/Src/usart.c ****   {
  53:Core/Src/usart.c ****     Error_Handler();
  54:Core/Src/usart.c ****   }
  55:Core/Src/usart.c ****   /* USER CODE BEGIN USART2_Init 2 */
  56:Core/Src/usart.c **** 
  57:Core/Src/usart.c ****   /* USER CODE END USART2_Init 2 */
  58:Core/Src/usart.c **** 
  59:Core/Src/usart.c **** }
  80              		.loc 1 59 1 view .LVU24
  81              		@ sp needed
  82 002a 10BD     		pop	{r4, pc}
  83              	.L3:
  53:Core/Src/usart.c ****   }
  84              		.loc 1 53 5 is_stmt 1 view .LVU25
  85 002c FFF7FEFF 		bl	Error_Handler
  86              	.LVL1:
  87              		.loc 1 59 1 is_stmt 0 view .LVU26
  88 0030 FBE7     		b	.L1
  89              	.L5:
  90 0032 C046     		.align	2
  91              	.L4:
  92 0034 00000000 		.word	huart2
  93 0038 00440040 		.word	1073759232
  94              		.cfi_endproc
  95              	.LFE40:
  97              		.section	.text.HAL_UART_MspInit,"ax",%progbits
  98              		.align	1
  99              		.global	HAL_UART_MspInit
 100              		.syntax unified
 101              		.code	16
 102              		.thumb_func
 104              	HAL_UART_MspInit:
 105              	.LVL2:
 106              	.LFB41:
  60:Core/Src/usart.c **** 
  61:Core/Src/usart.c **** void HAL_UART_MspInit(UART_HandleTypeDef* uartHandle)
  62:Core/Src/usart.c **** {
 107              		.loc 1 62 1 is_stmt 1 view -0
 108              		.cfi_startproc
 109              		@ args = 0, pretend = 0, frame = 24
 110              		@ frame_needed = 0, uses_anonymous_args = 0
 111              		.loc 1 62 1 is_stmt 0 view .LVU28
ARM GAS  C:\Users\flynn\AppData\Local\Temp\ccMyqAoF.s 			page 4


 112 0000 10B5     		push	{r4, lr}
 113              	.LCFI1:
 114              		.cfi_def_cfa_offset 8
 115              		.cfi_offset 4, -8
 116              		.cfi_offset 14, -4
 117 0002 86B0     		sub	sp, sp, #24
 118              	.LCFI2:
 119              		.cfi_def_cfa_offset 32
 120 0004 0400     		movs	r4, r0
  63:Core/Src/usart.c **** 
  64:Core/Src/usart.c ****   GPIO_InitTypeDef GPIO_InitStruct = {0};
 121              		.loc 1 64 3 is_stmt 1 view .LVU29
 122              		.loc 1 64 20 is_stmt 0 view .LVU30
 123 0006 1422     		movs	r2, #20
 124 0008 0021     		movs	r1, #0
 125 000a 01A8     		add	r0, sp, #4
 126              	.LVL3:
 127              		.loc 1 64 20 view .LVU31
 128 000c FFF7FEFF 		bl	memset
 129              	.LVL4:
  65:Core/Src/usart.c ****   if(uartHandle->Instance==USART2)
 130              		.loc 1 65 3 is_stmt 1 view .LVU32
 131              		.loc 1 65 16 is_stmt 0 view .LVU33
 132 0010 2268     		ldr	r2, [r4]
 133              		.loc 1 65 5 view .LVU34
 134 0012 144B     		ldr	r3, .L9
 135 0014 9A42     		cmp	r2, r3
 136 0016 01D0     		beq	.L8
 137              	.L6:
  66:Core/Src/usart.c ****   {
  67:Core/Src/usart.c ****   /* USER CODE BEGIN USART2_MspInit 0 */
  68:Core/Src/usart.c **** 
  69:Core/Src/usart.c ****   /* USER CODE END USART2_MspInit 0 */
  70:Core/Src/usart.c ****     /* USART2 clock enable */
  71:Core/Src/usart.c ****     __HAL_RCC_USART2_CLK_ENABLE();
  72:Core/Src/usart.c **** 
  73:Core/Src/usart.c ****     __HAL_RCC_GPIOA_CLK_ENABLE();
  74:Core/Src/usart.c ****     /**USART2 GPIO Configuration
  75:Core/Src/usart.c ****     PA2     ------> USART2_TX
  76:Core/Src/usart.c ****     PA3     ------> USART2_RX
  77:Core/Src/usart.c ****     */
  78:Core/Src/usart.c ****     GPIO_InitStruct.Pin = GPIO_PIN_2|GPIO_PIN_3;
  79:Core/Src/usart.c ****     GPIO_InitStruct.Mode = GPIO_MODE_AF_PP;
  80:Core/Src/usart.c ****     GPIO_InitStruct.Pull = GPIO_NOPULL;
  81:Core/Src/usart.c ****     GPIO_InitStruct.Speed = GPIO_SPEED_FREQ_VERY_HIGH;
  82:Core/Src/usart.c ****     GPIO_InitStruct.Alternate = GPIO_AF4_USART2;
  83:Core/Src/usart.c ****     HAL_GPIO_Init(GPIOA, &GPIO_InitStruct);
  84:Core/Src/usart.c **** 
  85:Core/Src/usart.c ****     /* USART2 interrupt Init */
  86:Core/Src/usart.c ****     HAL_NVIC_SetPriority(USART2_IRQn, 0, 0);
  87:Core/Src/usart.c ****     HAL_NVIC_EnableIRQ(USART2_IRQn);
  88:Core/Src/usart.c ****   /* USER CODE BEGIN USART2_MspInit 1 */
  89:Core/Src/usart.c **** 
  90:Core/Src/usart.c ****   /* USER CODE END USART2_MspInit 1 */
  91:Core/Src/usart.c ****   }
  92:Core/Src/usart.c **** }
 138              		.loc 1 92 1 view .LVU35
ARM GAS  C:\Users\flynn\AppData\Local\Temp\ccMyqAoF.s 			page 5


 139 0018 06B0     		add	sp, sp, #24
 140              		@ sp needed
 141              	.LVL5:
 142              		.loc 1 92 1 view .LVU36
 143 001a 10BD     		pop	{r4, pc}
 144              	.LVL6:
 145              	.L8:
  71:Core/Src/usart.c **** 
 146              		.loc 1 71 5 is_stmt 1 view .LVU37
 147 001c 124B     		ldr	r3, .L9+4
 148 001e 996B     		ldr	r1, [r3, #56]
 149 0020 8022     		movs	r2, #128
 150 0022 9202     		lsls	r2, r2, #10
 151 0024 0A43     		orrs	r2, r1
 152 0026 9A63     		str	r2, [r3, #56]
  73:Core/Src/usart.c ****     /**USART2 GPIO Configuration
 153              		.loc 1 73 5 view .LVU38
 154              	.LBB2:
  73:Core/Src/usart.c ****     /**USART2 GPIO Configuration
 155              		.loc 1 73 5 view .LVU39
  73:Core/Src/usart.c ****     /**USART2 GPIO Configuration
 156              		.loc 1 73 5 view .LVU40
 157 0028 D96A     		ldr	r1, [r3, #44]
 158 002a 0122     		movs	r2, #1
 159 002c 1143     		orrs	r1, r2
 160 002e D962     		str	r1, [r3, #44]
  73:Core/Src/usart.c ****     /**USART2 GPIO Configuration
 161              		.loc 1 73 5 view .LVU41
 162 0030 DB6A     		ldr	r3, [r3, #44]
 163 0032 1A40     		ands	r2, r3
 164 0034 0092     		str	r2, [sp]
  73:Core/Src/usart.c ****     /**USART2 GPIO Configuration
 165              		.loc 1 73 5 view .LVU42
 166 0036 009B     		ldr	r3, [sp]
 167              	.LBE2:
  73:Core/Src/usart.c ****     /**USART2 GPIO Configuration
 168              		.loc 1 73 5 view .LVU43
  78:Core/Src/usart.c ****     GPIO_InitStruct.Mode = GPIO_MODE_AF_PP;
 169              		.loc 1 78 5 view .LVU44
  78:Core/Src/usart.c ****     GPIO_InitStruct.Mode = GPIO_MODE_AF_PP;
 170              		.loc 1 78 25 is_stmt 0 view .LVU45
 171 0038 0C23     		movs	r3, #12
 172 003a 0193     		str	r3, [sp, #4]
  79:Core/Src/usart.c ****     GPIO_InitStruct.Pull = GPIO_NOPULL;
 173              		.loc 1 79 5 is_stmt 1 view .LVU46
  79:Core/Src/usart.c ****     GPIO_InitStruct.Pull = GPIO_NOPULL;
 174              		.loc 1 79 26 is_stmt 0 view .LVU47
 175 003c 0A3B     		subs	r3, r3, #10
 176 003e 0293     		str	r3, [sp, #8]
  80:Core/Src/usart.c ****     GPIO_InitStruct.Speed = GPIO_SPEED_FREQ_VERY_HIGH;
 177              		.loc 1 80 5 is_stmt 1 view .LVU48
  81:Core/Src/usart.c ****     GPIO_InitStruct.Alternate = GPIO_AF4_USART2;
 178              		.loc 1 81 5 view .LVU49
  81:Core/Src/usart.c ****     GPIO_InitStruct.Alternate = GPIO_AF4_USART2;
 179              		.loc 1 81 27 is_stmt 0 view .LVU50
 180 0040 0133     		adds	r3, r3, #1
 181 0042 0493     		str	r3, [sp, #16]
ARM GAS  C:\Users\flynn\AppData\Local\Temp\ccMyqAoF.s 			page 6


  82:Core/Src/usart.c ****     HAL_GPIO_Init(GPIOA, &GPIO_InitStruct);
 182              		.loc 1 82 5 is_stmt 1 view .LVU51
  82:Core/Src/usart.c ****     HAL_GPIO_Init(GPIOA, &GPIO_InitStruct);
 183              		.loc 1 82 31 is_stmt 0 view .LVU52
 184 0044 0133     		adds	r3, r3, #1
 185 0046 0593     		str	r3, [sp, #20]
  83:Core/Src/usart.c **** 
 186              		.loc 1 83 5 is_stmt 1 view .LVU53
 187 0048 A020     		movs	r0, #160
 188 004a 01A9     		add	r1, sp, #4
 189 004c C005     		lsls	r0, r0, #23
 190 004e FFF7FEFF 		bl	HAL_GPIO_Init
 191              	.LVL7:
  86:Core/Src/usart.c ****     HAL_NVIC_EnableIRQ(USART2_IRQn);
 192              		.loc 1 86 5 view .LVU54
 193 0052 0022     		movs	r2, #0
 194 0054 0021     		movs	r1, #0
 195 0056 1C20     		movs	r0, #28
 196 0058 FFF7FEFF 		bl	HAL_NVIC_SetPriority
 197              	.LVL8:
  87:Core/Src/usart.c ****   /* USER CODE BEGIN USART2_MspInit 1 */
 198              		.loc 1 87 5 view .LVU55
 199 005c 1C20     		movs	r0, #28
 200 005e FFF7FEFF 		bl	HAL_NVIC_EnableIRQ
 201              	.LVL9:
 202              		.loc 1 92 1 is_stmt 0 view .LVU56
 203 0062 D9E7     		b	.L6
 204              	.L10:
 205              		.align	2
 206              	.L9:
 207 0064 00440040 		.word	1073759232
 208 0068 00100240 		.word	1073876992
 209              		.cfi_endproc
 210              	.LFE41:
 212              		.section	.text.HAL_UART_MspDeInit,"ax",%progbits
 213              		.align	1
 214              		.global	HAL_UART_MspDeInit
 215              		.syntax unified
 216              		.code	16
 217              		.thumb_func
 219              	HAL_UART_MspDeInit:
 220              	.LVL10:
 221              	.LFB42:
  93:Core/Src/usart.c **** 
  94:Core/Src/usart.c **** void HAL_UART_MspDeInit(UART_HandleTypeDef* uartHandle)
  95:Core/Src/usart.c **** {
 222              		.loc 1 95 1 is_stmt 1 view -0
 223              		.cfi_startproc
 224              		@ args = 0, pretend = 0, frame = 0
 225              		@ frame_needed = 0, uses_anonymous_args = 0
 226              		.loc 1 95 1 is_stmt 0 view .LVU58
 227 0000 10B5     		push	{r4, lr}
 228              	.LCFI3:
 229              		.cfi_def_cfa_offset 8
 230              		.cfi_offset 4, -8
 231              		.cfi_offset 14, -4
  96:Core/Src/usart.c **** 
ARM GAS  C:\Users\flynn\AppData\Local\Temp\ccMyqAoF.s 			page 7


  97:Core/Src/usart.c ****   if(uartHandle->Instance==USART2)
 232              		.loc 1 97 3 is_stmt 1 view .LVU59
 233              		.loc 1 97 16 is_stmt 0 view .LVU60
 234 0002 0268     		ldr	r2, [r0]
 235              		.loc 1 97 5 view .LVU61
 236 0004 084B     		ldr	r3, .L14
 237 0006 9A42     		cmp	r2, r3
 238 0008 00D0     		beq	.L13
 239              	.LVL11:
 240              	.L11:
  98:Core/Src/usart.c ****   {
  99:Core/Src/usart.c ****   /* USER CODE BEGIN USART2_MspDeInit 0 */
 100:Core/Src/usart.c **** 
 101:Core/Src/usart.c ****   /* USER CODE END USART2_MspDeInit 0 */
 102:Core/Src/usart.c ****     /* Peripheral clock disable */
 103:Core/Src/usart.c ****     __HAL_RCC_USART2_CLK_DISABLE();
 104:Core/Src/usart.c **** 
 105:Core/Src/usart.c ****     /**USART2 GPIO Configuration
 106:Core/Src/usart.c ****     PA2     ------> USART2_TX
 107:Core/Src/usart.c ****     PA3     ------> USART2_RX
 108:Core/Src/usart.c ****     */
 109:Core/Src/usart.c ****     HAL_GPIO_DeInit(GPIOA, GPIO_PIN_2|GPIO_PIN_3);
 110:Core/Src/usart.c **** 
 111:Core/Src/usart.c ****     /* USART2 interrupt Deinit */
 112:Core/Src/usart.c ****     HAL_NVIC_DisableIRQ(USART2_IRQn);
 113:Core/Src/usart.c ****   /* USER CODE BEGIN USART2_MspDeInit 1 */
 114:Core/Src/usart.c **** 
 115:Core/Src/usart.c ****   /* USER CODE END USART2_MspDeInit 1 */
 116:Core/Src/usart.c ****   }
 117:Core/Src/usart.c **** }
 241              		.loc 1 117 1 view .LVU62
 242              		@ sp needed
 243 000a 10BD     		pop	{r4, pc}
 244              	.LVL12:
 245              	.L13:
 103:Core/Src/usart.c **** 
 246              		.loc 1 103 5 is_stmt 1 view .LVU63
 247 000c 074A     		ldr	r2, .L14+4
 248 000e 936B     		ldr	r3, [r2, #56]
 249 0010 0749     		ldr	r1, .L14+8
 250 0012 0B40     		ands	r3, r1
 251 0014 9363     		str	r3, [r2, #56]
 109:Core/Src/usart.c **** 
 252              		.loc 1 109 5 view .LVU64
 253 0016 A020     		movs	r0, #160
 254              	.LVL13:
 109:Core/Src/usart.c **** 
 255              		.loc 1 109 5 is_stmt 0 view .LVU65
 256 0018 0C21     		movs	r1, #12
 257 001a C005     		lsls	r0, r0, #23
 258 001c FFF7FEFF 		bl	HAL_GPIO_DeInit
 259              	.LVL14:
 112:Core/Src/usart.c ****   /* USER CODE BEGIN USART2_MspDeInit 1 */
 260              		.loc 1 112 5 is_stmt 1 view .LVU66
 261 0020 1C20     		movs	r0, #28
 262 0022 FFF7FEFF 		bl	HAL_NVIC_DisableIRQ
 263              	.LVL15:
ARM GAS  C:\Users\flynn\AppData\Local\Temp\ccMyqAoF.s 			page 8


 264              		.loc 1 117 1 is_stmt 0 view .LVU67
 265 0026 F0E7     		b	.L11
 266              	.L15:
 267              		.align	2
 268              	.L14:
 269 0028 00440040 		.word	1073759232
 270 002c 00100240 		.word	1073876992
 271 0030 FFFFFDFF 		.word	-131073
 272              		.cfi_endproc
 273              	.LFE42:
 275              		.global	huart2
 276              		.section	.bss.huart2,"aw",%nobits
 277              		.align	2
 280              	huart2:
 281 0000 00000000 		.space	132
 281      00000000 
 281      00000000 
 281      00000000 
 281      00000000 
 282              		.text
 283              	.Letext0:
 284              		.file 2 "c:\\users\\flynn\\appdata\\roaming\\code\\user\\globalstorage\\bmd.stm32-for-vscode\\@xpa
 285              		.file 3 "c:\\users\\flynn\\appdata\\roaming\\code\\user\\globalstorage\\bmd.stm32-for-vscode\\@xpa
 286              		.file 4 "Drivers/CMSIS/Device/ST/STM32L0xx/Include/stm32l031xx.h"
 287              		.file 5 "Drivers/STM32L0xx_HAL_Driver/Inc/stm32l0xx_hal_def.h"
 288              		.file 6 "Drivers/STM32L0xx_HAL_Driver/Inc/stm32l0xx_hal_gpio.h"
 289              		.file 7 "Drivers/STM32L0xx_HAL_Driver/Inc/stm32l0xx_hal_dma.h"
 290              		.file 8 "Drivers/STM32L0xx_HAL_Driver/Inc/stm32l0xx_hal_uart.h"
 291              		.file 9 "Drivers/STM32L0xx_HAL_Driver/Inc/stm32l0xx_hal_cortex.h"
 292              		.file 10 "Core/Inc/main.h"
 293              		.file 11 "Core/Inc/usart.h"
 294              		.file 12 "<built-in>"
ARM GAS  C:\Users\flynn\AppData\Local\Temp\ccMyqAoF.s 			page 9


DEFINED SYMBOLS
                            *ABS*:0000000000000000 usart.c
C:\Users\flynn\AppData\Local\Temp\ccMyqAoF.s:18     .text.MX_USART2_UART_Init:0000000000000000 $t
C:\Users\flynn\AppData\Local\Temp\ccMyqAoF.s:24     .text.MX_USART2_UART_Init:0000000000000000 MX_USART2_UART_Init
C:\Users\flynn\AppData\Local\Temp\ccMyqAoF.s:92     .text.MX_USART2_UART_Init:0000000000000034 $d
C:\Users\flynn\AppData\Local\Temp\ccMyqAoF.s:280    .bss.huart2:0000000000000000 huart2
C:\Users\flynn\AppData\Local\Temp\ccMyqAoF.s:98     .text.HAL_UART_MspInit:0000000000000000 $t
C:\Users\flynn\AppData\Local\Temp\ccMyqAoF.s:104    .text.HAL_UART_MspInit:0000000000000000 HAL_UART_MspInit
C:\Users\flynn\AppData\Local\Temp\ccMyqAoF.s:207    .text.HAL_UART_MspInit:0000000000000064 $d
C:\Users\flynn\AppData\Local\Temp\ccMyqAoF.s:213    .text.HAL_UART_MspDeInit:0000000000000000 $t
C:\Users\flynn\AppData\Local\Temp\ccMyqAoF.s:219    .text.HAL_UART_MspDeInit:0000000000000000 HAL_UART_MspDeInit
C:\Users\flynn\AppData\Local\Temp\ccMyqAoF.s:269    .text.HAL_UART_MspDeInit:0000000000000028 $d
C:\Users\flynn\AppData\Local\Temp\ccMyqAoF.s:277    .bss.huart2:0000000000000000 $d

UNDEFINED SYMBOLS
HAL_UART_Init
Error_Handler
memset
HAL_GPIO_Init
HAL_NVIC_SetPriority
HAL_NVIC_EnableIRQ
HAL_GPIO_DeInit
HAL_NVIC_DisableIRQ
